/usr/bin/make all -f /home/roscube/Desktop/UMSD_v7.0.0_comb/UMSD_v7.0.0/host/linux/Makefile --print-data-base --no-builtin-variables --no-builtin-rules --question
make: *** No rule to make target 'customize.o', needed by 'UMSD_MCLI'.  Stop.

# GNU Make 4.3
# Built for x86_64-pc-linux-gnu
# Copyright (C) 1988-2020 Free Software Foundation, Inc.
# License GPLv3+: GNU GPL version 3 or later <http://gnu.org/licenses/gpl.html>
# This is free software: you are free to change and redistribute it.
# There is NO WARRANTY, to the extent permitted by law.

# Make data base, printed on Thu Mar 21 08:45:03 2024

# Variables

# environment
GDK_BACKEND = x11
# environment
LC_ALL = C
# environment
GNOME_SHELL_SESSION_MODE = ubuntu
# environment
SSH_AGENT_LAUNCHER = gnome-keyring
# environment
GJS_DEBUG_OUTPUT = stderr
# makefile (from '/home/roscube/Desktop/UMSD_v7.0.0_comb/UMSD_v7.0.0/host/linux/makedef', line 2)
VPATH = $(MSD_PATH)/host/src $(MSD_PATH)/host/lib/cJSON
# environment
LC_NAME = lzh_TW
# environment
LC_NUMERIC = lzh_TW
# environment
VSCODE_CRASH_REPORTER_PROCESS_TYPE = extensionHost
# environment
VSCODE_CWD = /home/roscube
# environment
LC_ADDRESS = lzh_TW
# default
MAKE_COMMAND := /usr/bin/make
# environment
QT_ACCESSIBILITY = 1
# automatic
@D = $(patsubst %/,%,$(dir $@))
# environment
VSCODE_HANDLES_UNCAUGHT_ERRORS = true
# default
.VARIABLES := 
# environment
PWD = /home/roscube/Desktop/UMSD_v7.0.0_comb
# automatic
%D = $(patsubst %/,%,$(dir $%))
# environment
XDG_DATA_DIRS = /usr/share/ubuntu:/usr/local/share/:/usr/share/:/var/lib/snapd/desktop
# environment
MSD_PROJ_NAME = msdDrv
# automatic
^D = $(patsubst %/,%,$(dir $^))
# automatic
%F = $(notdir $%)
# environment
VSCODE_CODE_CACHE_PATH = /home/roscube/.config/Code/CachedData/abd2f3db4bdb28f9e95536dfa84d8479f1eb312d
# environment
LANG = C
# makefile (from '/home/roscube/Desktop/UMSD_v7.0.0_comb/UMSD_v7.0.0/host/linux/makedef', line 3)
UNITTEST_BUILD = NO
# environment
XAUTHORITY = /run/user/1000/.mutter-Xwaylandauth.TT9ZK2
# default
.LOADED := 
# default
.INCLUDE_DIRS = /usr/local/include /usr/include /usr/include
# makefile (from '/home/roscube/Desktop/UMSD_v7.0.0_comb/UMSD_v7.0.0/host/linux/makedef', line 217)
SWTEST_OBJS = customize.o init.o main.o apiCLI.o rmuPcap.o cliCommand.o bus_conf.o cJSON.o version.o
# makefile
MAKEFLAGS = pqrR
# environment
MSD_USER_BASE = /home/roscube/Desktop/UMSD_v7.0.0_comb
# environment
SPRUCE_BUILD = YES
# makefile
CURDIR := /home/roscube/Desktop/UMSD_v7.0.0_comb
# environment
APPLICATION_INSIGHTS_NO_DIAGNOSTIC_CHANNEL = 1
# environment
LESSOPEN = | /usr/bin/lesspipe %s
# environment
VSCODE_L10N_BUNDLE_LOCATION = 
# automatic
*D = $(patsubst %/,%,$(dir $*))
# environment
MFLAGS = -pqrR
# environment
SSH_AUTH_SOCK = /run/user/1000/keyring/ssh
# default
.SHELLFLAGS := -c
# environment
WAYLAND_DISPLAY = wayland-0
# environment
XDG_CONFIG_DIRS = /etc/xdg/xdg-ubuntu:/etc/xdg
# automatic
+D = $(patsubst %/,%,$(dir $+))
# environment
XDG_SESSION_DESKTOP = ubuntu
# makefile (from '/home/roscube/Desktop/UMSD_v7.0.0_comb/UMSD_v7.0.0/host/linux/makedef', line 1)
MAKEFILE_LIST := /home/roscube/Desktop/UMSD_v7.0.0_comb/UMSD_v7.0.0/host/linux/Makefile /home/roscube/Desktop/UMSD_v7.0.0_comb/UMSD_v7.0.0/host/linux/makedef
# automatic
@F = $(notdir $@)
# environment
OAK_BUILD = YES
# environment
VSCODE_PID = 1883
# environment
XDG_SESSION_TYPE = wayland
# automatic
?D = $(patsubst %/,%,$(dir $?))
# environment
SESSION_MANAGER = local/ROScube:@/tmp/.ICE-unix/1074,unix/ROScube:/tmp/.ICE-unix/1074
# automatic
*F = $(notdir $*)
# environment
CHROME_DESKTOP = code-url-handler.desktop
# environment
DBUS_SESSION_BUS_ADDRESS = unix:path=/run/user/1000/bus
# environment
PEARL_BUILD = YES
# automatic
<D = $(patsubst %/,%,$(dir $<))
# makefile (from '/home/roscube/Desktop/UMSD_v7.0.0_comb/UMSD_v7.0.0/host/linux/Makefile', line 8)
EXEC = UMSD_MCLI
# environment
BONSAI_BUILD = YES
# environment
VSCODE_NLS_CONFIG = {"locale":"en-us","osLocale":"en-us","availableLanguages":{},"_languagePackSupport":true}
# default
MAKE_HOST := x86_64-pc-linux-gnu
# environment
GNOME_DESKTOP_SESSION_ID = this-is-deprecated
# makefile
SHELL = /bin/sh
# default
MAKECMDGOALS := all
# environment
XMODIFIERS = @im=ibus
# environment
GJS_DEBUG_TOPICS = JS ERROR;JS LOG
# environment
SHLVL = 1
# environment
MAKELEVEL := 0
# makefile (from '/home/roscube/Desktop/UMSD_v7.0.0_comb/UMSD_v7.0.0/host/linux/makedef', line 5)
MSD_INCLUDE = -I$(MSD_PATH)/include -I$(MSD_PATH)/include/driver -I$(MSD_PATH)/include/api -I$(MSD_PATH)/include/platform -I$(MSD_PATH)/include/utils -I$(MSD_PATH)/include/dev -I$(MSD_PATH)/host/linux/libMRegAccess -I$(MSD_PATH)/host/lib/libcli -I$(MSD_PATH)/host/lib/cJSON -I$(MSD_PATH)/host/include
# environment
IM_CONFIG_CHECK_ENV = 1
# default
MAKE = $(MAKE_COMMAND)
# environment
PATH = /home/roscube/.local/bin:/home/roscube/.local/bin:/usr/local/sbin:/usr/local/bin:/usr/sbin:/usr/bin:/sbin:/bin:/usr/games:/usr/local/games:/snap/bin:/snap/bin
# default
MAKEFILES := 
# environment
AGATE_BUILD = YES
# environment
LC_MONETARY = lzh_TW
# automatic
^F = $(notdir $^)
# environment
MSD_ROOT = /home/roscube/Desktop/UMSD_v7.0.0_comb
# environment
RELEASE = YES
# environment
LC_TIME = lzh_TW
# environment
INVOCATION_ID = 9e875bcaf7294eb0b244a4e9f82b75ef
# environment
USERNAME = roscube
# environment
GNOME_SETUP_DISPLAY = :1
# environment
LC_TELEPHONE = lzh_TW
# environment
LESSCLOSE = /usr/bin/lesspipe %s %s
# makefile (from '/home/roscube/Desktop/UMSD_v7.0.0_comb/UMSD_v7.0.0/host/linux/makedef', line 224)
DEBUG_DEFINES = 
# automatic
?F = $(notdir $?)
# environment
XDG_CURRENT_DESKTOP = Unity
# automatic
+F = $(notdir $+)
# environment
DESKTOP_SESSION = ubuntu
# environment
ORIGINAL_XDG_CURRENT_DESKTOP = ubuntu:GNOME
# makefile (from '/home/roscube/Desktop/UMSD_v7.0.0_comb/UMSD_v7.0.0/host/linux/Makefile', line 11)
OBJECTS = $(SAMPLE_OBJS) $(UNITTEST_OBJS) $(SWTEST_OBJS)
# 'override' directive
GNUMAKEFLAGS := 
# environment
LOGNAME = roscube
# environment
GIO_LAUNCHED_DESKTOP_FILE = /usr/share/applications/code.desktop
# makefile
.DEFAULT_GOAL := all
# environment
SYSTEMD_EXEC_PID = 1115
# environment
DISPLAY = :0
# environment
USER = roscube
# environment
GTK_MODULES = gail:atk-bridge
# default
MAKE_VERSION := 4.3
# environment
AMETHYST_BUILD = YES
# makefile (from '/home/roscube/Desktop/UMSD_v7.0.0_comb/UMSD_v7.0.0/host/linux/Makefile', line 9)
MSD_LIB = $(MSD_PATH)/library/$(MSD_PROJ_NAME).o
# makefile (from '/home/roscube/Desktop/UMSD_v7.0.0_comb/UMSD_v7.0.0/host/linux/Makefile', line 6)
LDFLAGS = -fPIC -L$(MSD_PATH)/host/linux/libMRegAccess -L$(MSD_PATH)/host/lib/libcli -lMRegAccess -lusb-1.0 -lpcap -lcli
# environment
MANAGERPID = 915
# environment
LC_MEASUREMENT = lzh_TW
# environment
GIO_LAUNCHED_DESKTOP_FILE_PID = 1883
# environment
_ = /usr/bin/printenv
# makefile (from '/home/roscube/Desktop/UMSD_v7.0.0_comb/UMSD_v7.0.0/host/linux/makedef', line 1)
MSD_PATH = $(MSD_USER_BASE)
# environment
LC_PAPER = lzh_TW
# environment
PERIDOT_BUILD = YES
# environment
XDG_RUNTIME_DIR = /run/user/1000
# makefile (from '/home/roscube/Desktop/UMSD_v7.0.0_comb/UMSD_v7.0.0/host/linux/Makefile', line 5)
CFLAGS = $(MSD_INCLUDE) -DUSE_SEMAPHORE $(TOPAZ) $(PERIDOT) $(AGATE) $(PEARL) $(AMETHYST) $(OAK) $(SPRUCE) $(BONSAIZ1) $(FIR) $(BONSAI) $(DEBUG_DEFINES)
# environment
JOURNAL_STREAM = 8:29979
# environment
XDG_SESSION_CLASS = user
# makefile (from '/home/roscube/Desktop/UMSD_v7.0.0_comb/UMSD_v7.0.0/host/linux/makedef', line 213)
SAMPLE_OBJS = 
# environment
VSCODE_AMD_ENTRYPOINT = vs/workbench/api/node/extensionHostProcess
# makefile (from '/home/roscube/Desktop/UMSD_v7.0.0_comb/UMSD_v7.0.0/host/linux/makedef', line 214)
UNITTEST_OBJS = 
# environment
HOME = /home/roscube
# environment
QT_IM_MODULE = ibus
# environment
ELECTRON_RUN_AS_NODE = 1
# environment
VSCODE_IPC_HOOK = /run/user/1000/vscode-0a78f71f-1.82-main.sock
# environment
OS_RUN = LINUX
# environment
IM_CONFIG_PHASE = 1
# default
.RECIPEPREFIX := 
# automatic
<F = $(notdir $<)
# environment
FIR_BUILD = YES
# default
SUFFIXES := 
# default
.FEATURES := target-specific order-only second-expansion else-if shortest-stem undefine oneshell nocomment grouped-target extra-prereqs archives jobserver output-sync check-symlink load
# environment
TOPAZ_BUILD = YES
# environment
MSD_TOOL_DIR = /home/roscube/Desktop/UMSD_v7.0.0_comb/tools
# environment
XDG_MENU_PREFIX = gnome-
# makefile (from '/home/roscube/Desktop/UMSD_v7.0.0_comb/UMSD_v7.0.0/host/linux/makedef', line 93)
UNITTEST = 
# environment
GDMSESSION = ubuntu
# environment
LC_IDENTIFICATION = lzh_TW
# environment
BONSAIZ1_BUILD = YES
# variable set hash-table stats:
# Load=134/1024=13%, Rehash=0, Collisions=20/194=10%

# Pattern-specific Variable Values

# No pattern-specific variable values.

# Directories

# /home/roscube/Desktop/UMSD_v7.0.0_comb/host/src: could not be stat'd.
# . (device 2050, inode 801326): 8 files, 1 impossibilities.
# /home/roscube/Desktop/UMSD_v7.0.0_comb/host/lib/cJSON: could not be stat'd.

# 8 files, 1 impossibilities in 3 directories.

# Implicit Rules

%.o: %.c
#  recipe to execute (from '/home/roscube/Desktop/UMSD_v7.0.0_comb/UMSD_v7.0.0/host/linux/Makefile', line 25):
	@if [ ! -d obj ]; then mkdir obj; fi
	$(CC) $(CFLAGS) -c -O3 $< -o obj/$(notdir $@)
	

# 1 implicit rules, 0 (0.0%) terminal.
# Files

# Not a target:
cJSON.o:
#  Implicit rule search has not been done.
#  Modification time never checked.
#  File has not been updated.

# Not a target:
bus_conf.o:
#  Implicit rule search has not been done.
#  Modification time never checked.
#  File has not been updated.

# Not a target:
version.o:
#  Implicit rule search has not been done.
#  Modification time never checked.
#  File has not been updated.

UMSD_MCLI: customize.o init.o main.o apiCLI.o rmuPcap.o cliCommand.o bus_conf.o cJSON.o version.o /home/roscube/Desktop/UMSD_v7.0.0_comb/library/msdDrv.o
#  Implicit rule search has not been done.
#  File does not exist.
#  File has not been updated.
#  recipe to execute (from '/home/roscube/Desktop/UMSD_v7.0.0_comb/UMSD_v7.0.0/host/linux/Makefile', line 19):
	make -C $(MSD_PATH)/host/linux/libMRegAccess;
	make -C $(MSD_PATH)/host/lib/libcli;	
	$(CC) $(CFLAGS) -o $(EXEC) $(MSD_LIB) $(addprefix obj/,$(notdir $(OBJECTS))) $(LDFLAGS)
	@cp ../../sample/IMPSampleFiles/*.ihx .

# Not a target:
cliCommand.o:
#  Implicit rule search has not been done.
#  Modification time never checked.
#  File has not been updated.

clean:
#  Implicit rule search has not been done.
#  Modification time never checked.
#  File has not been updated.
#  recipe to execute (from '/home/roscube/Desktop/UMSD_v7.0.0_comb/UMSD_v7.0.0/host/linux/Makefile', line 29):
	make -C $(MSD_PATH) clean;
	make -C $(MSD_PATH)/host/linux/libMRegAccess clean;
	make -C $(MSD_PATH)/host/lib/libcli clean;
	-@rm -f $(EXEC) *.o
	-@rm -rf obj/
	-@rm -f *.ihx

# Not a target:
init.o:
#  Implicit rule search has not been done.
#  Modification time never checked.
#  File has not been updated.

# Not a target:
.DEFAULT:
#  Implicit rule search has not been done.
#  Modification time never checked.
#  File has not been updated.

all: UMSD_MCLI /home/roscube/Desktop/UMSD_v7.0.0_comb/library/msdDrv.o
#  Command line target.
#  Implicit rule search has been done.
#  File does not exist.
#  File has not been updated.

/home/roscube/Desktop/UMSD_v7.0.0_comb/library/msdDrv.o:
#  Implicit rule search has not been done.
#  Modification time never checked.
#  File has not been updated.
#  recipe to execute (from '/home/roscube/Desktop/UMSD_v7.0.0_comb/UMSD_v7.0.0/host/linux/Makefile', line 16):
	make -C $(MSD_PATH)

# Not a target:
main.o:
#  Implicit rule search has not been done.
#  Modification time never checked.
#  File has not been updated.

# Not a target:
customize.o:
#  Implicit rule search has been done.
 
#  File does not exist.
#  File has not been updated.

# Not a target:
/home/roscube/Desktop/UMSD_v7.0.0_comb/UMSD_v7.0.0/host/linux/Makefile:
#  Implicit rule search has been done.
#  Last modified 2024-03-20 10:03:23.796596661
#  File has been updated.
#  Successfully updated.

# Not a target:
apiCLI.o:
#  Implicit rule search has not been done.
#  Modification time never checked.
#  File has not been updated.

# Not a target:
/home/roscube/Desktop/UMSD_v7.0.0_comb/UMSD_v7.0.0/host/linux/makedef:
#  Implicit rule search has been done.
#  Last modified 2024-03-19 17:44:11.25840364
#  File has been updated.
#  Successfully updated.

# Not a target:
rmuPcap.o:
#  Implicit rule search has not been done.
#  Modification time never checked.
#  File has not been updated.

# files hash-table stats:
# Load=17/1024=2%, Rehash=0, Collisions=0/60=0%
# VPATH Search Paths

# No 'vpath' search paths.

# General ('VPATH' variable) search path:
# /home/roscube/Desktop/UMSD_v7.0.0_comb/host/src:/home/roscube/Desktop/UMSD_v7.0.0_comb/host/lib/cJSON

# strcache buffers: 1 (0) / strings = 33 / storage = 526 B / avg = 15 B
# current buf: size = 8162 B / used = 526 B / count = 33 / avg = 15 B

# strcache performance: lookups = 50 / hit rate = 34%
# hash-table stats:
# Load=33/8192=0%, Rehash=0, Collisions=0/50=0%
# Finished Make data base on Thu Mar 21 08:45:03 2024

 
